\BOOKMARK [0][-]{chapter.1}{Uvod}{}% 1
\BOOKMARK [0][-]{chapter.2}{Cilj i postupak}{}% 2
\BOOKMARK [0][-]{chapter.3}{Postojece ideje i koncepti}{}% 3
\BOOKMARK [0][-]{chapter.4}{Bayesian Knowledge tracing \(BKT\)}{}% 4
\BOOKMARK [1][-]{section.4.1}{Opcenito o BKT}{chapter.4}% 5
\BOOKMARK [1][-]{section.4.2}{Ideje}{chapter.4}% 6
\BOOKMARK [1][-]{section.4.3}{Problemi i zadaci}{chapter.4}% 7
\BOOKMARK [1][-]{section.4.4}{Dobivanje BKT parametara}{chapter.4}% 8
\BOOKMARK [2][-]{subsection.4.4.1}{EM \(expectation-maximization\) algoritam}{section.4.4}% 9
\BOOKMARK [2][-]{subsection.4.4.2}{Grid search i Simulated Annealing}{section.4.4}% 10
\BOOKMARK [1][-]{section.4.5}{Rezultati}{chapter.4}% 11
\BOOKMARK [1][-]{section.4.6}{Poveznice}{chapter.4}% 12
\BOOKMARK [2][-]{subsection.4.6.1}{BKT}{section.4.6}% 13
\BOOKMARK [2][-]{subsection.4.6.2}{Pronala\236enje parametara}{section.4.6}% 14
\BOOKMARK [0][-]{chapter.5}{Bayes graf}{}% 15
\BOOKMARK [1][-]{section.5.1}{Uvod}{chapter.5}% 16
\BOOKMARK [1][-]{section.5.2}{Problem kontinuiranih vrijednosti}{chapter.5}% 17
\BOOKMARK [1][-]{section.5.3}{Skaliranje korisnika prema Gaussu}{chapter.5}% 18
\BOOKMARK [1][-]{section.5.4}{Izvje\235taji}{chapter.5}% 19
\BOOKMARK [2][-]{subsection.5.4.1}{22.07.2020.}{section.5.4}% 20
\BOOKMARK [2][-]{subsection.5.4.2}{28.07.2020.}{section.5.4}% 21
\BOOKMARK [2][-]{subsection.5.4.3}{29.07.2020.}{section.5.4}% 22
\BOOKMARK [2][-]{subsection.5.4.4}{30.07.2020.}{section.5.4}% 23
\BOOKMARK [2][-]{subsection.5.4.5}{31.07.2020.}{section.5.4}% 24
\BOOKMARK [2][-]{subsection.5.4.6}{14.08.2020.}{section.5.4}% 25
\BOOKMARK [1][-]{section.5.5}{Poveznice}{chapter.5}% 26
\BOOKMARK [0][-]{chapter.6}{Literatura}{}% 27
