\BOOKMARK [0][-]{chapter.1}{Uvod}{}% 1
\BOOKMARK [0][-]{chapter.2}{Cilj i postupak}{}% 2
\BOOKMARK [0][-]{chapter.3}{Postojece ideje i koncepti}{}% 3
\BOOKMARK [0][-]{chapter.4}{Bayesian Knowledge tracing \(BKT\)}{}% 4
\BOOKMARK [1][-]{section.4.1}{Opcenito o BKT}{chapter.4}% 5
\BOOKMARK [1][-]{section.4.2}{Ideje}{chapter.4}% 6
\BOOKMARK [1][-]{section.4.3}{Problemi i zadaci}{chapter.4}% 7
\BOOKMARK [1][-]{section.4.4}{Dobivanje BKT parametara}{chapter.4}% 8
\BOOKMARK [2][-]{subsection.4.4.1}{EM \(expectation-maximization\) algoritam}{section.4.4}% 9
\BOOKMARK [2][-]{subsection.4.4.2}{Grid search i Simulated Annealing}{section.4.4}% 10
\BOOKMARK [1][-]{section.4.5}{Rezultati}{chapter.4}% 11
\BOOKMARK [1][-]{section.4.6}{Poveznice}{chapter.4}% 12
\BOOKMARK [2][-]{subsection.4.6.1}{BKT}{section.4.6}% 13
\BOOKMARK [2][-]{subsection.4.6.2}{Pronala\236enje parametara}{section.4.6}% 14
\BOOKMARK [0][-]{chapter.5}{Bayes graf}{}% 15
\BOOKMARK [1][-]{section.5.1}{Uvod}{chapter.5}% 16
\BOOKMARK [1][-]{section.5.2}{Problem kontinuiranih vrijednosti}{chapter.5}% 17
\BOOKMARK [1][-]{section.5.3}{Skaliranje korisnika prema Gaussu}{chapter.5}% 18
\BOOKMARK [1][-]{section.5.4}{Izvje\235taji}{chapter.5}% 19
\BOOKMARK [2][-]{subsection.5.4.1}{22.07.2020.}{section.5.4}% 20
\BOOKMARK [2][-]{subsection.5.4.2}{28.07.2020.}{section.5.4}% 21
\BOOKMARK [2][-]{subsection.5.4.3}{29.07.2020.}{section.5.4}% 22
\BOOKMARK [2][-]{subsection.5.4.4}{30.07.2020.}{section.5.4}% 23
\BOOKMARK [2][-]{subsection.5.4.5}{31.07.2020.}{section.5.4}% 24
\BOOKMARK [2][-]{subsection.5.4.6}{14.08.2020.}{section.5.4}% 25
\BOOKMARK [1][-]{section.5.5}{Poveznice}{chapter.5}% 26
\BOOKMARK [0][-]{chapter.6}{Stvaranje grafa}{}% 27
\BOOKMARK [1][-]{section.6.1}{Pocetna istra\236ivanja}{chapter.6}% 28
\BOOKMARK [2][-]{subsection.6.1.1}{Obrada prirodnog jezika}{section.6.1}% 29
\BOOKMARK [2][-]{subsection.6.1.2}{K12EduKG}{section.6.1}% 30
\BOOKMARK [2][-]{subsection.6.1.3}{Deep Generative Models}{section.6.1}% 31
\BOOKMARK [2][-]{subsection.6.1.4}{Graph RNN}{section.6.1}% 32
\BOOKMARK [1][-]{section.6.2}{Graph Recurrent Attention Networks}{chapter.6}% 33
\BOOKMARK [2][-]{subsection.6.2.1}{Opcenito o GRAN-ovima}{section.6.2}% 34
\BOOKMARK [2][-]{subsection.6.2.2}{Tijek rje\235avanja}{section.6.2}% 35
\BOOKMARK [2][-]{subsection.6.2.3}{Rezultati}{section.6.2}% 36
\BOOKMARK [1][-]{section.6.3}{Latent Skill Embedding \(Lentil\)}{chapter.6}% 37
\BOOKMARK [2][-]{subsection.6.3.1}{Opcenito o Lentil-u}{section.6.3}% 38
\BOOKMARK [2][-]{subsection.6.3.2}{Ideje}{section.6.3}% 39
\BOOKMARK [2][-]{subsection.6.3.3}{Problemi i zadaci}{section.6.3}% 40
\BOOKMARK [2][-]{subsection.6.3.4}{Rezultati}{section.6.3}% 41
\BOOKMARK [0][-]{chapter.7}{Clustering}{}% 42
\BOOKMARK [1][-]{section.7.1}{Latent Skill Embedding \(Lentil\)}{chapter.7}% 43
\BOOKMARK [1][-]{section.7.2}{K-Medoids}{chapter.7}% 44
\BOOKMARK [1][-]{section.7.3}{Ostatak istra\236ivanja}{chapter.7}% 45
\BOOKMARK [0][-]{chapter.8}{Opcenito o ExRec-u}{}% 46
\BOOKMARK [1][-]{section.8.1}{Povezani radovi}{chapter.8}% 47
\BOOKMARK [1][-]{section.8.2}{Pozadina sustava i dataset}{chapter.8}% 48
\BOOKMARK [1][-]{section.8.3}{DKVMN - model za pracenje znanja}{chapter.8}% 49
\BOOKMARK [2][-]{subsection.8.3.1}{Concept Aware struktura}{section.8.3}% 50
\BOOKMARK [2][-]{subsection.8.3.2}{Knowledge Concept Weight}{section.8.3}% 51
\BOOKMARK [2][-]{subsection.8.3.3}{Proces citanja}{section.8.3}% 52
\BOOKMARK [2][-]{subsection.8.3.4}{Proces a\236uriranja}{section.8.3}% 53
\BOOKMARK [1][-]{section.8.4}{Preporuka zadataka podr\236anim ucenjem}{chapter.8}% 54
\BOOKMARK [2][-]{subsection.8.4.1}{Opcenito o podr\236anom ucenju}{section.8.4}% 55
\BOOKMARK [2][-]{subsection.8.4.2}{Primjena na ExRec}{section.8.4}% 56
\BOOKMARK [1][-]{section.8.5}{Evaluacija performansi}{chapter.8}% 57
\BOOKMARK [2][-]{subsection.8.5.1}{Preporuke zadataka}{section.8.5}% 58
\BOOKMARK [2][-]{subsection.8.5.2}{Rezultati i problemi}{section.8.5}% 59
\BOOKMARK [1][-]{section.8.6}{Upute za pokretanje}{chapter.8}% 60
\BOOKMARK [1][-]{section.8.7}{Poveznice}{chapter.8}% 61
\BOOKMARK [0][-]{chapter.9}{Self-attentive knowledge tracing}{}% 62
\BOOKMARK [1][-]{section.9.1}{Opcenito o funkcioniranju attention modela}{chapter.9}% 63
\BOOKMARK [1][-]{section.9.2}{Konkretna izvedba SAKT-a}{chapter.9}% 64
\BOOKMARK [1][-]{section.9.3}{Problemi sa SAKT-om}{chapter.9}% 65
\BOOKMARK [2][-]{subsection.9.3.1}{Gre\235ke i ispravci}{section.9.3}% 66
\BOOKMARK [1][-]{section.9.4}{Sakt \0432}{chapter.9}% 67
\BOOKMARK [2][-]{subsection.9.4.1}{Generiranje candidate-exercises}{section.9.4}% 68
\BOOKMARK [2][-]{subsection.9.4.2}{Usporedba SAKT-a i DKT-a}{section.9.4}% 69
\BOOKMARK [1][-]{section.9.5}{Poveznice}{chapter.9}% 70
\BOOKMARK [0][-]{chapter.10}{Literatura}{}% 71
