This is pdfTeX, Version 3.14159265-2.6-1.40.21 (TeX Live 2020/W32TeX) (preloaded format=pdflatex 2020.8.18)  14 SEP 2020 16:13
entering extended mode
 restricted \write18 enabled.
 %&-line parsing enabled.
**projektna-dokumentacija.tex
(./projektna-dokumentacija.tex
LaTeX2e <2020-02-02> patch level 5
L3 programming layer <2020-08-07> (./fer.cls
Document Class: fer 
(c:/texlive/2020/texmf-dist/tex/latex/base/report.cls
Document Class: report 2019/12/20 v1.4l Standard LaTeX document class
(c:/texlive/2020/texmf-dist/tex/latex/base/size12.clo
File: size12.clo 2019/12/20 v1.4l Standard LaTeX file (size option)
)
\c@part=\count168
\c@chapter=\count169
\c@section=\count170
\c@subsection=\count171
\c@subsubsection=\count172
\c@paragraph=\count173
\c@subparagraph=\count174
\c@figure=\count175
\c@table=\count176
\abovecaptionskip=\skip47
\belowcaptionskip=\skip48
\bibindent=\dimen134
)
(c:/texlive/2020/texmf-dist/tex/latex/geometry/geometry.sty
Package: geometry 2020/01/02 v5.9 Page Geometry

(c:/texlive/2020/texmf-dist/tex/latex/graphics/keyval.sty
Package: keyval 2014/10/28 v1.15 key=value parser (DPC)
\KV@toks@=\toks15
)
(c:/texlive/2020/texmf-dist/tex/generic/iftex/ifvtex.sty
Package: ifvtex 2019/10/25 v1.7 ifvtex legacy package. Use iftex instead.

(c:/texlive/2020/texmf-dist/tex/generic/iftex/iftex.sty
Package: iftex 2020/03/06 v1.0d TeX engine tests
))
\Gm@cnth=\count177
\Gm@cntv=\count178
\c@Gm@tempcnt=\count179
\Gm@bindingoffset=\dimen135
\Gm@wd@mp=\dimen136
\Gm@odd@mp=\dimen137
\Gm@even@mp=\dimen138
\Gm@layoutwidth=\dimen139
\Gm@layoutheight=\dimen140
\Gm@layouthoffset=\dimen141
\Gm@layoutvoffset=\dimen142
\Gm@dimlist=\toks16
)
(c:/texlive/2020/texmf-dist/tex/latex/base/inputenc.sty
Package: inputenc 2018/08/11 v1.3c Input encoding file
\inpenc@prehook=\toks17
\inpenc@posthook=\toks18
)
(c:/texlive/2020/texmf-dist/tex/generic/babel/babel.sty
Package: babel 2020/07/13 3.47 The Babel package

(c:/texlive/2020/texmf-dist/tex/generic/babel/babel.def
File: babel.def 2020/07/13 3.47 Babel common definitions
\babel@savecnt=\count180
\U@D=\dimen143
\l@babelnohyphens=\language86

(c:/texlive/2020/texmf-dist/tex/generic/babel/txtbabel.def)
\bbl@readstream=\read2
)
\bbl@dirlevel=\count181

(c:/texlive/2020/texmf-dist/tex/generic/babel-croatian/croatian.ldf
Language: croatian 2014/03/31 v1.3m Croatian support from the babel system
))
(c:/texlive/2020/texmf-dist/tex/latex/base/fontenc.sty
Package: fontenc 2020/02/11 v2.0o Standard LaTeX package
)
(c:/texlive/2020/texmf-dist/tex/latex/graphics/graphicx.sty
Package: graphicx 2019/11/30 v1.2a Enhanced LaTeX Graphics (DPC,SPQR)

(c:/texlive/2020/texmf-dist/tex/latex/graphics/graphics.sty
Package: graphics 2019/11/30 v1.4a Standard LaTeX Graphics (DPC,SPQR)

(c:/texlive/2020/texmf-dist/tex/latex/graphics/trig.sty
Package: trig 2016/01/03 v1.10 sin cos tan (DPC)
)
(c:/texlive/2020/texmf-dist/tex/latex/graphics-cfg/graphics.cfg
File: graphics.cfg 2016/06/04 v1.11 sample graphics configuration
)
Package graphics Info: Driver file: pdftex.def on input line 105.

(c:/texlive/2020/texmf-dist/tex/latex/graphics-def/pdftex.def
File: pdftex.def 2018/01/08 v1.0l Graphics/color driver for pdftex
))
\Gin@req@height=\dimen144
\Gin@req@width=\dimen145
)
(c:/texlive/2020/texmf-dist/tex/latex/amsfonts/amssymb.sty
Package: amssymb 2013/01/14 v3.01 AMS font symbols

(c:/texlive/2020/texmf-dist/tex/latex/amsfonts/amsfonts.sty
Package: amsfonts 2013/01/14 v3.01 Basic AMSFonts support
\@emptytoks=\toks19
\symAMSa=\mathgroup4
\symAMSb=\mathgroup5
LaTeX Font Info:    Redeclaring math symbol \hbar on input line 98.
LaTeX Font Info:    Overwriting math alphabet `\mathfrak' in version `bold'
(Font)                  U/euf/m/n --> U/euf/b/n on input line 106.
))
(c:/texlive/2020/texmf-dist/tex/latex/amsmath/amsmath.sty
Package: amsmath 2020/01/20 v2.17e AMS math features
\@mathmargin=\skip49

For additional information on amsmath, use the `?' option.
(c:/texlive/2020/texmf-dist/tex/latex/amsmath/amstext.sty
Package: amstext 2000/06/29 v2.01 AMS text

(c:/texlive/2020/texmf-dist/tex/latex/amsmath/amsgen.sty
File: amsgen.sty 1999/11/30 v2.0 generic functions
\@emptytoks=\toks20
\ex@=\dimen146
))
(c:/texlive/2020/texmf-dist/tex/latex/amsmath/amsbsy.sty
Package: amsbsy 1999/11/29 v1.2d Bold Symbols
\pmbraise@=\dimen147
)
(c:/texlive/2020/texmf-dist/tex/latex/amsmath/amsopn.sty
Package: amsopn 2016/03/08 v2.02 operator names
)
\inf@bad=\count182
LaTeX Info: Redefining \frac on input line 227.
\uproot@=\count183
\leftroot@=\count184
LaTeX Info: Redefining \overline on input line 389.
\classnum@=\count185
\DOTSCASE@=\count186
LaTeX Info: Redefining \ldots on input line 486.
LaTeX Info: Redefining \dots on input line 489.
LaTeX Info: Redefining \cdots on input line 610.
\Mathstrutbox@=\box45
\strutbox@=\box46
\big@size=\dimen148
LaTeX Font Info:    Redeclaring font encoding OML on input line 733.
LaTeX Font Info:    Redeclaring font encoding OMS on input line 734.
\macc@depth=\count187
\c@MaxMatrixCols=\count188
\dotsspace@=\muskip16
\c@parentequation=\count189
\dspbrk@lvl=\count190
\tag@help=\toks21
\row@=\count191
\column@=\count192
\maxfields@=\count193
\andhelp@=\toks22
\eqnshift@=\dimen149
\alignsep@=\dimen150
\tagshift@=\dimen151
\tagwidth@=\dimen152
\totwidth@=\dimen153
\lineht@=\dimen154
\@envbody=\toks23
\multlinegap=\skip50
\multlinetaggap=\skip51
\mathdisplay@stack=\toks24
LaTeX Info: Redefining \[ on input line 2859.
LaTeX Info: Redefining \] on input line 2860.
)
(c:/texlive/2020/texmf-dist/tex/latex/base/fixltx2e.sty
Package: fixltx2e 2016/12/29 v2.1a fixes to LaTeX (obsolete)
Applying: [2015/01/01] Old fixltx2e package on input line 46.


Package fixltx2e Warning: fixltx2e is not required with releases after 2015
(fixltx2e)                All fixes are now in the LaTeX kernel.
(fixltx2e)                See the latexrelease package for details.

Already applied: [0000/00/00] Old fixltx2e package on input line 53.
) (c:/texlive/2020/texmf-dist/tex/latex/caption/caption.sty
Package: caption 2020/05/30 v3.4k Customizing captions (AR)

(c:/texlive/2020/texmf-dist/tex/latex/caption/caption3.sty
Package: caption3 2020/07/20 v1.12b caption3 kernel (AR)
Package caption3 Info: TeX engine: e-TeX on input line 61.
\captionmargin=\dimen155
\captionmargin@=\dimen156
\captionwidth=\dimen157
\caption@tempdima=\dimen158
\caption@indent=\dimen159
\caption@parindent=\dimen160
\caption@hangindent=\dimen161
Package caption Info: Standard document class detected.
)
\c@caption@flags=\count194
\c@continuedfloat=\count195
)
(c:/texlive/2020/texmf-dist/tex/latex/base/ifthen.sty
Package: ifthen 2014/09/29 v1.1c Standard LaTeX ifthen package (DPC)
)
(c:/texlive/2020/texmf-dist/tex/latex/url/url.sty
\Urlmuskip=\muskip17
Package: url 2013/09/16  ver 3.4  Verb mode for urls, etc.
)
(c:/texlive/2020/texmf-dist/tex/latex/enumitem/enumitem.sty
Package: enumitem 2019/06/20 v3.9 Customized lists
\labelindent=\skip52
\enit@outerparindent=\dimen162
\enit@toks=\toks25
\enit@inbox=\box47
\enit@count@id=\count196
\enitdp@description=\count197
)
(c:/texlive/2020/texmf-dist/tex/latex/tocbibind/tocbibind.sty
Package: tocbibind 2010/10/13 v1.5k extra ToC listings
Package tocbibind Info: The document has chapter divisions on input line 50.


Package tocbibind Note: Using chapter style headings, unless overridden.

) (c:/texlive/2020/texmf-dist/tex/latex/psnfss/times.sty
Package: times 2020/03/25 PSNFSS-v9.3 (SPQR) 
)
(c:/texlive/2020/texmf-dist/tex/latex/natbib/natbib.sty
Package: natbib 2010/09/13 8.31b (PWD, AO)
\bibhang=\skip53
\bibsep=\skip54
LaTeX Info: Redefining \cite on input line 694.
\c@NAT@ctr=\count198
)
\listindentation=\dimen163
)
(c:/texlive/2020/texmf-dist/tex/latex/booktabs/booktabs.sty
Package: booktabs 2020/01/12 v1.61803398 Publication quality tables
\heavyrulewidth=\dimen164
\lightrulewidth=\dimen165
\cmidrulewidth=\dimen166
\belowrulesep=\dimen167
\belowbottomsep=\dimen168
\aboverulesep=\dimen169
\abovetopsep=\dimen170
\cmidrulesep=\dimen171
\cmidrulekern=\dimen172
\defaultaddspace=\dimen173
\@cmidla=\count199
\@cmidlb=\count266
\@aboverulesep=\dimen174
\@belowrulesep=\dimen175
\@thisruleclass=\count267
\@lastruleclass=\count268
\@thisrulewidth=\dimen176
)
(c:/texlive/2020/texmf-dist/tex/latex/hyperref/hyperref.sty
Package: hyperref 2020-05-15 v7.00e Hypertext links for LaTeX

(c:/texlive/2020/texmf-dist/tex/generic/ltxcmds/ltxcmds.sty
Package: ltxcmds 2019/12/15 v1.24 LaTeX kernel commands for general use (HO)
)
(c:/texlive/2020/texmf-dist/tex/generic/pdftexcmds/pdftexcmds.sty
Package: pdftexcmds 2020-06-27 v0.33 Utility functions of pdfTeX for LuaTeX (HO
)

(c:/texlive/2020/texmf-dist/tex/generic/infwarerr/infwarerr.sty
Package: infwarerr 2019/12/03 v1.5 Providing info/warning/error messages (HO)
)
Package pdftexcmds Info: \pdf@primitive is available.
Package pdftexcmds Info: \pdf@ifprimitive is available.
Package pdftexcmds Info: \pdfdraftmode found.
)
(c:/texlive/2020/texmf-dist/tex/generic/kvsetkeys/kvsetkeys.sty
Package: kvsetkeys 2019/12/15 v1.18 Key value parser (HO)
)
(c:/texlive/2020/texmf-dist/tex/generic/kvdefinekeys/kvdefinekeys.sty
Package: kvdefinekeys 2019-12-19 v1.6 Define keys (HO)
)
(c:/texlive/2020/texmf-dist/tex/generic/pdfescape/pdfescape.sty
Package: pdfescape 2019/12/09 v1.15 Implements pdfTeX's escape features (HO)
)
(c:/texlive/2020/texmf-dist/tex/latex/hycolor/hycolor.sty
Package: hycolor 2020-01-27 v1.10 Color options for hyperref/bookmark (HO)
)
(c:/texlive/2020/texmf-dist/tex/latex/letltxmacro/letltxmacro.sty
Package: letltxmacro 2019/12/03 v1.6 Let assignment for LaTeX macros (HO)
)
(c:/texlive/2020/texmf-dist/tex/latex/auxhook/auxhook.sty
Package: auxhook 2019-12-17 v1.6 Hooks for auxiliary files (HO)
)
(c:/texlive/2020/texmf-dist/tex/latex/kvoptions/kvoptions.sty
Package: kvoptions 2019/11/29 v3.13 Key value format for package options (HO)
)
\@linkdim=\dimen177
\Hy@linkcounter=\count269
\Hy@pagecounter=\count270

(c:/texlive/2020/texmf-dist/tex/latex/hyperref/pd1enc.def
File: pd1enc.def 2020-05-15 v7.00e Hyperref: PDFDocEncoding definition (HO)
Now handling font encoding PD1 ...
... no UTF-8 mapping file for font encoding PD1
)
(c:/texlive/2020/texmf-dist/tex/generic/intcalc/intcalc.sty
Package: intcalc 2019/12/15 v1.3 Expandable calculations with integers (HO)
)
(c:/texlive/2020/texmf-dist/tex/generic/etexcmds/etexcmds.sty
Package: etexcmds 2019/12/15 v1.7 Avoid name clashes with e-TeX commands (HO)
)
\Hy@SavedSpaceFactor=\count271
Package hyperref Info: Hyper figures OFF on input line 4464.
Package hyperref Info: Link nesting OFF on input line 4469.
Package hyperref Info: Hyper index ON on input line 4472.
Package hyperref Info: Plain pages OFF on input line 4479.
Package hyperref Info: Backreferencing OFF on input line 4484.
Package hyperref Info: Implicit mode ON; LaTeX internals redefined.
Package hyperref Info: Bookmarks ON on input line 4717.
\c@Hy@tempcnt=\count272
LaTeX Info: Redefining \url on input line 5076.
\XeTeXLinkMargin=\dimen178

(c:/texlive/2020/texmf-dist/tex/generic/bitset/bitset.sty
Package: bitset 2019/12/09 v1.3 Handle bit-vector datatype (HO)

(c:/texlive/2020/texmf-dist/tex/generic/bigintcalc/bigintcalc.sty
Package: bigintcalc 2019/12/15 v1.5 Expandable calculations on big integers (HO
)
))
\Fld@menulength=\count273
\Field@Width=\dimen179
\Fld@charsize=\dimen180
Package hyperref Info: Hyper figures OFF on input line 6347.
Package hyperref Info: Link nesting OFF on input line 6352.
Package hyperref Info: Hyper index ON on input line 6355.
Package hyperref Info: backreferencing OFF on input line 6362.
Package hyperref Info: Link coloring OFF on input line 6367.
Package hyperref Info: Link coloring with OCG OFF on input line 6372.
Package hyperref Info: PDF/A mode OFF on input line 6377.
LaTeX Info: Redefining \ref on input line 6417.
LaTeX Info: Redefining \pageref on input line 6421.

(c:/texlive/2020/texmf-dist/tex/generic/atbegshi/atbegshi.sty
Package: atbegshi 2019/12/05 v1.19 At begin shipout hook (HO)
)
\Hy@abspage=\count274
\c@Item=\count275
\c@Hfootnote=\count276
)
Package hyperref Info: Driver (autodetected): hpdftex.

(c:/texlive/2020/texmf-dist/tex/latex/hyperref/hpdftex.def
File: hpdftex.def 2020-05-15 v7.00e Hyperref driver for pdfTeX

(c:/texlive/2020/texmf-dist/tex/latex/atveryend/atveryend.sty
Package: atveryend 2019-12-11 v1.11 Hooks at the very end of document (HO)
Package atveryend Info: \enddocument detected (standard20110627).
)
\Fld@listcount=\count277
\c@bookmark@seq@number=\count278

(c:/texlive/2020/texmf-dist/tex/latex/rerunfilecheck/rerunfilecheck.sty
Package: rerunfilecheck 2019/12/05 v1.9 Rerun checks for auxiliary files (HO)

(c:/texlive/2020/texmf-dist/tex/generic/uniquecounter/uniquecounter.sty
Package: uniquecounter 2019/12/15 v1.4 Provide unlimited unique counter (HO)
)
Package uniquecounter Info: New unique counter `rerunfilecheck' on input line 2
86.
)
\Hy@SectionHShift=\skip55
)
(c:/texlive/2020/texmf-dist/tex/latex/titlesec/titlesec.sty
Package: titlesec 2019/10/16 v2.13 Sectioning titles
\ttl@box=\box48
\beforetitleunit=\skip56
\aftertitleunit=\skip57
\ttl@plus=\dimen181
\ttl@minus=\dimen182
\ttl@toksa=\toks26
\titlewidth=\dimen183
\titlewidthlast=\dimen184
\titlewidthfirst=\dimen185
)
(c:/texlive/2020/texmf-dist/tex/latex/xurl/xurl.sty
Package: xurl 2020/01/24 v 0.09 modify URL breaks
)
(c:/texlive/2020/texmf-dist/tex/latex/graphics/color.sty
Package: color 2019/11/23 v1.2a Standard LaTeX Color (DPC)

(c:/texlive/2020/texmf-dist/tex/latex/graphics-cfg/color.cfg
File: color.cfg 2016/01/02 v1.6 sample color configuration
)
Package color Info: Driver file: pdftex.def on input line 147.
)
(c:/texlive/2020/texmf-dist/tex/latex/float/float.sty
Package: float 2001/11/08 v1.3d Float enhancements (AL)
\c@float@type=\count279
\float@exts=\toks27
\float@box=\box49
\@float@everytoks=\toks28
\@floatcapt=\box50
)
(c:/texlive/2020/texmf-dist/tex/latex/datetime/datetime.sty
Package: datetime 2015/03/20 v2.60 Date Time Package

(c:/texlive/2020/texmf-dist/tex/latex/etoolbox/etoolbox.sty
Package: etoolbox 2020/07/15 v2.5i e-TeX tools for LaTeX (JAW)
\etb@tempcnta=\count280
)
(c:/texlive/2020/texmf-dist/tex/latex/fmtcount/fmtcount.sty
Package: fmtcount 2020/01/30 v3.07

(c:/texlive/2020/texmf-dist/tex/latex/xkeyval/xkeyval.sty
Package: xkeyval 2014/12/03 v2.7a package option processing (HA)

(c:/texlive/2020/texmf-dist/tex/generic/xkeyval/xkeyval.tex
(c:/texlive/2020/texmf-dist/tex/generic/xkeyval/xkvutils.tex
\XKV@toks=\toks29
\XKV@tempa@toks=\toks30
)
\XKV@depth=\count281
File: xkeyval.tex 2014/12/03 v2.7a key=value parser (HA)
))
(c:/texlive/2020/texmf-dist/tex/latex/fmtcount/fcprefix.sty
Package: fcprefix 2012/09/28

(c:/texlive/2020/texmf-dist/tex/latex/fmtcount/fcnumparser.sty
Package: fcnumparser 2017/06/15
\fc@digit@counter=\count282
))
\c@padzeroesN=\count283
\fc@tmpcatcode=\count284
\@DT@modctr=\count285
\@ordinalctr=\count286
\@orgargctr=\count287
\@strctr=\count288
\@tmpstrctr=\count289
\@DT@loopN=\count290
\@DT@X=\count291
)
(c:/texlive/2020/texmf-dist/tex/latex/datetime/datetime-defaults.sty
Package: datetime-defaults 2013/09/10
)
\@day=\count292
\@month=\count293
\@year=\count294
\c@HOUR=\count295
\c@HOURXII=\count296
\c@MINUTE=\count297
\c@TOHOUR=\count298
\c@TOMINUTE=\count299
\c@SECOND=\count300
\currenthour=\count301
\currentminute=\count302
\currentsecond=\count303
Package datetime Info: No datetime.cfg file found, using default settings on in
put line 308.
\@dtctr=\count304
\dayofyear=\count305
\dayofweek=\count306
LaTeX Info: Redefining \today on input line 736.

(c:/texlive/2020/texmf-dist/tex/latex/datetime/dt-croatian.def
File: dt-croatian.def 2013/09/10
LaTeX Info: Redefining \datecroatian on input line 108.
)
\dt@a=\toks31
\dt@b=\toks32
)
(c:/texlive/2020/texmf-dist/tex/latex/standalone/standalone.sty
Package: standalone 2018/03/26 v1.3a Package to include TeX sub-files with prea
mbles

(c:/texlive/2020/texmf-dist/tex/latex/tools/shellesc.sty
Package: shellesc 2019/11/08 v1.0c unified shell escape interface for LaTeX
Package shellesc Info: Restricted shell escape enabled on input line 77.
)
(c:/texlive/2020/texmf-dist/tex/latex/currfile/currfile.sty
Package: currfile 2015/04/23 v0.7c Provides the file path elements of the curre
nt input file

(c:/texlive/2020/texmf-dist/tex/latex/filehook/filehook.sty
Package: filehook 2020/02/03 v0.7 Hooks for input files
)
\c@currfiledepth=\count307
)
(c:/texlive/2020/texmf-dist/tex/latex/gincltex/gincltex.sty
(c:/texlive/2020/texmf-dist/tex/latex/svn-prov/svn-prov.sty
Package: svn-prov 2010/04/24 v3.1862 Package Date/Version from SVN Keywords
)
Package: gincltex 2011/09/04 v0.3 Include external LaTeX files like graphics

(c:/texlive/2020/texmf-dist/tex/latex/adjustbox/adjustbox.sty
Package: adjustbox 2019/01/04 v1.2 Adjusting TeX boxes (trim, clip, ...)

(c:/texlive/2020/texmf-dist/tex/latex/adjustbox/adjcalc.sty
Package: adjcalc 2012/05/16 v1.1 Provides advanced setlength with multiple back
-ends (calc, etex, pgfmath)
)
(c:/texlive/2020/texmf-dist/tex/latex/adjustbox/trimclip.sty
Package: trimclip 2018/04/08 v1.1 Trim and clip general TeX material

(c:/texlive/2020/texmf-dist/tex/latex/collectbox/collectbox.sty
Package: collectbox 2012/05/17 v0.4b Collect macro arguments as boxes
\collectedbox=\box51
)
\tc@llx=\dimen186
\tc@lly=\dimen187
\tc@urx=\dimen188
\tc@ury=\dimen189
Package trimclip Info: Using driver 'tc-pdftex.def'.

(c:/texlive/2020/texmf-dist/tex/latex/adjustbox/tc-pdftex.def
File: tc-pdftex.def 2019/01/04 v2.2 Clipping driver for pdftex
))
\adjbox@Width=\dimen190
\adjbox@Height=\dimen191
\adjbox@Depth=\dimen192
\adjbox@Totalheight=\dimen193
\adjbox@pwidth=\dimen194
\adjbox@pheight=\dimen195
\adjbox@pdepth=\dimen196
\adjbox@ptotalheight=\dimen197

(c:/texlive/2020/texmf-dist/tex/latex/ifoddpage/ifoddpage.sty
Package: ifoddpage 2016/04/23 v1.1 Conditionals for odd/even page detection
\c@checkoddpage=\count308
)
(c:/texlive/2020/texmf-dist/tex/latex/varwidth/varwidth.sty
Package: varwidth 2009/03/30 ver 0.92;  Variable-width minipages
\@vwid@box=\box52
\sift@deathcycles=\count309
\@vwid@loff=\dimen198
\@vwid@roff=\dimen199
))
\gincltex@box=\box53
)
(c:/texlive/2020/texmf-dist/tex/latex/filemod/filemod-expmin.sty
Package: filemod-expmin 2011/09/19 v1.2 Get and compare file modification times
 (expandable; minimal)
))
(c:/texlive/2020/texmf-dist/tex/latex/l3backend/l3backend-pdfmode.def
File: l3backend-pdfmode.def 2020-08-07 L3 backend support: PDF mode
\l__kernel_color_stack_int=\count310
\l__pdf_internal_box=\box54
)
(./projektna-dokumentacija.aux (./uvod.aux) (./BKT.aux) (./Bayes_graph.aux

LaTeX Warning: Label `' multiply defined.


LaTeX Warning: Label `' multiply defined.


LaTeX Warning: Label `' multiply defined.


LaTeX Warning: Label `' multiply defined.


LaTeX Warning: Label `' multiply defined.

) (./stvaranje-grafa-content.aux) (./ex_rec.aux

LaTeX Warning: Label `' multiply defined.


LaTeX Warning: Label `' multiply defined.

) (./sakt.aux

LaTeX Warning: Label `' multiply defined.


LaTeX Warning: Label `' multiply defined.


LaTeX Warning: Label `' multiply defined.

) (./literatura.aux))
\openout1 = `projektna-dokumentacija.aux'.

LaTeX Font Info:    Checking defaults for OML/cmm/m/it on input line 23.
LaTeX Font Info:    ... okay on input line 23.
LaTeX Font Info:    Checking defaults for OMS/cmsy/m/n on input line 23.
LaTeX Font Info:    ... okay on input line 23.
LaTeX Font Info:    Checking defaults for OT1/cmr/m/n on input line 23.
LaTeX Font Info:    ... okay on input line 23.
LaTeX Font Info:    Checking defaults for T1/cmr/m/n on input line 23.
LaTeX Font Info:    ... okay on input line 23.
LaTeX Font Info:    Checking defaults for TS1/cmr/m/n on input line 23.
LaTeX Font Info:    ... okay on input line 23.
LaTeX Font Info:    Checking defaults for OMX/cmex/m/n on input line 23.
LaTeX Font Info:    ... okay on input line 23.
LaTeX Font Info:    Checking defaults for U/cmr/m/n on input line 23.
LaTeX Font Info:    ... okay on input line 23.
LaTeX Font Info:    Checking defaults for PD1/pdf/m/n on input line 23.
LaTeX Font Info:    ... okay on input line 23.
LaTeX Font Info:    Trying to load font information for T1+ptm on input line 23
.
 (c:/texlive/2020/texmf-dist/tex/latex/psnfss/t1ptm.fd
File: t1ptm.fd 2001/06/04 font definitions for T1/ptm.
)
*geometry* driver: auto-detecting
*geometry* detected driver: pdftex
*geometry* verbose mode - [ preamble ] result:
* driver: pdftex
* paper: a4paper
* layout: <same size as paper>
* layoutoffset:(h,v)=(0.0pt,0.0pt)
* modes: 
* h-part:(L,W,R)=(99.58464pt, 412.56497pt, 85.35826pt)
* v-part:(T,H,B)=(85.35826pt, 674.33032pt, 85.35826pt)
* \paperwidth=597.50787pt
* \paperheight=845.04684pt
* \textwidth=412.56497pt
* \textheight=674.33032pt
* \oddsidemargin=27.31465pt
* \evensidemargin=27.31465pt
* \topmargin=-23.91173pt
* \headheight=12.0pt
* \headsep=25.0pt
* \topskip=12.0pt
* \footskip=30.0pt
* \marginparwidth=44.0pt
* \marginparsep=10.0pt
* \columnsep=10.0pt
* \skip\footins=10.8pt plus 4.0pt minus 2.0pt
* \hoffset=0.0pt
* \voffset=0.0pt
* \mag=1000
* \@twocolumnfalse
* \@twosidefalse
* \@mparswitchfalse
* \@reversemarginfalse
* (1in=72.27pt=25.4mm, 1cm=28.453pt)

(c:/texlive/2020/texmf-dist/tex/context/base/mkii/supp-pdf.mkii
[Loading MPS to PDF converter (version 2006.09.02).]
\scratchcounter=\count311
\scratchdimen=\dimen256
\scratchbox=\box55
\nofMPsegments=\count312
\nofMParguments=\count313
\everyMPshowfont=\toks33
\MPscratchCnt=\count314
\MPscratchDim=\dimen257
\MPnumerator=\count315
\makeMPintoPDFobject=\count316
\everyMPtoPDFconversion=\toks34
) (c:/texlive/2020/texmf-dist/tex/latex/epstopdf-pkg/epstopdf-base.sty
Package: epstopdf-base 2020-01-24 v2.11 Base part for package epstopdf
Package epstopdf-base Info: Redefining graphics rule for `.eps' on input line 4
85.

(c:/texlive/2020/texmf-dist/tex/latex/latexconfig/epstopdf-sys.cfg
File: epstopdf-sys.cfg 2010/07/13 v1.3 Configuration of (r)epstopdf for TeX Liv
e
))
Package caption Info: Begin \AtBeginDocument code.
Package caption Info: float package is loaded.
Package caption Info: hyperref package is loaded.
Package caption Info: End \AtBeginDocument code.
\AtBeginShipoutBox=\box56
Package hyperref Info: Link coloring OFF on input line 23.

(c:/texlive/2020/texmf-dist/tex/latex/hyperref/nameref.sty
Package: nameref 2019/09/16 v2.46 Cross-referencing by name of section

(c:/texlive/2020/texmf-dist/tex/latex/refcount/refcount.sty
Package: refcount 2019/12/15 v3.6 Data extraction from label references (HO)
)
(c:/texlive/2020/texmf-dist/tex/generic/gettitlestring/gettitlestring.sty
Package: gettitlestring 2019/12/15 v1.6 Cleanup title references (HO)
)
\c@section@level=\count317
)
LaTeX Info: Redefining \ref on input line 23.
LaTeX Info: Redefining \pageref on input line 23.
LaTeX Info: Redefining \nameref on input line 23.

(./projektna-dokumentacija.out) (./projektna-dokumentacija.out)
\@outlinefile=\write3
\openout3 = `projektna-dokumentacija.out'.

LaTeX Font Info:    Trying to load font information for T1+phv on input line 39
.

(c:/texlive/2020/texmf-dist/tex/latex/psnfss/t1phv.fd
File: t1phv.fd 2020/03/25 scalable font definitions for T1/phv.
)
LaTeX Font Info:    Trying to load font information for U+msa on input line 39.


(c:/texlive/2020/texmf-dist/tex/latex/amsfonts/umsa.fd
File: umsa.fd 2013/01/14 v3.01 AMS symbols A
)
LaTeX Font Info:    Trying to load font information for U+msb on input line 39.


(c:/texlive/2020/texmf-dist/tex/latex/amsfonts/umsb.fd
File: umsb.fd 2013/01/14 v3.01 AMS symbols B
)
LaTeX Font Info:    Font shape `T1/phv/m/it' in size <14.4> not available
(Font)              Font shape `T1/phv/m/sl' tried instead on input line 39.


LaTeX Warning: Voditelj nije naveden. Koristi \voditelj za definiranje.

[1

{c:/texlive/2020/texmf-var/fonts/map/pdftex/updmap/pdftex.map}]
(./projektna-dokumentacija.toc [2] [3])
\tf@toc=\write4
\openout4 = `projektna-dokumentacija.toc'.

 [4]
\openout2 = `uvod.aux'.

 (./uvod.tex
Poglavlje 1.
Poglavlje 2.
[1

]
Underfull \hbox (badness 10000) in paragraph at lines 13--14

 []


Underfull \hbox (badness 10000) in paragraph at lines 15--17

 []


Underfull \hbox (badness 10000) in paragraph at lines 19--20

 []

Poglavlje 3.
)
Underfull \hbox (badness 10000) in paragraph at lines 29--40

 []


Underfull \hbox (badness 1852) in paragraph at lines 29--40
\T1/ptm/m/n/12 Mežu pr-vima pro-na-žena je i pro-u£ena plat-forma adap-tiv-nog 
u£e-nja Knewton
 []


Underfull \hbox (badness 10000) in paragraph at lines 29--40

 []


Underfull \hbox (badness 2150) in paragraph at lines 29--40
\T1/ptm/m/n/12 Izazovnim po-dru-£jem pra-¢e-nja zna-nja (engl. \T1/ptm/m/it/12 
knowledge tra-cing\T1/ptm/m/n/12 ) mo-gu¢e je
 []


Underfull \hbox (badness 10000) in paragraph at lines 29--40

 []

[2] [3] [4]
\openout2 = `BKT.aux'.

 (./BKT.tex
Poglavlje 4.

Underfull \hbox (badness 10000) in paragraph at lines 15--16

 []


Underfull \hbox (badness 10000) in paragraph at lines 20--21

 []


Underfull \hbox (badness 10000) in paragraph at lines 23--24

 []

[5


]
Underfull \hbox (badness 10000) in paragraph at lines 26--27

 []

LaTeX Font Info:    Trying to load font information for TS1+ptm on input line 5
2.
(c:/texlive/2020/texmf-dist/tex/latex/psnfss/ts1ptm.fd
File: ts1ptm.fd 2001/06/04 font definitions for TS1/ptm.
) [6]
LaTeX Font Info:    Trying to load font information for T1+pcr on input line 63
.

(c:/texlive/2020/texmf-dist/tex/latex/psnfss/t1pcr.fd
File: t1pcr.fd 2001/06/04 font definitions for T1/pcr.
) [7]
Underfull \hbox (badness 10000) in paragraph at lines 78--88

 []

) [8] [9]
\openout2 = `Bayes_graph.aux'.

 (./Bayes_graph.tex
Poglavlje 5.
[10


]
Underfull \hbox (badness 10000) in paragraph at lines 16--17

 []


Underfull \hbox (badness 10000) in paragraph at lines 21--22

 []

[11]
Underfull \hbox (badness 10000) in paragraph at lines 38--39

 []

<figures/Bayes_kod.png, id=459, 451.6875pt x 51.94406pt>
File: figures/Bayes_kod.png Graphic file (type png)
<use figures/Bayes_kod.png>
Package pdftex.def Info: figures/Bayes_kod.png  used on input line 48.
(pdftex.def)             Requested size: 451.68639pt x 51.94392pt.

Overfull \hbox (39.12141pt too wide) in paragraph at lines 48--49
 [][] 
 []

[12 <./figures/Bayes_kod.png>]
Underfull \hbox (badness 10000) in paragraph at lines 67--68

 []

<figures/Bayes_graf2.png, id=465, 312.41719pt x 202.50656pt>
File: figures/Bayes_graf2.png Graphic file (type png)
<use figures/Bayes_graf2.png>
Package pdftex.def Info: figures/Bayes_graf2.png  used on input line 81.
(pdftex.def)             Requested size: 312.41641pt x 202.50604pt.
<figures/Bayes_graf9.png, id=467, 504.38437pt x 269.50688pt>
File: figures/Bayes_graf9.png Graphic file (type png)
<use figures/Bayes_graf9.png>
Package pdftex.def Info: figures/Bayes_graf9.png  used on input line 88.
(pdftex.def)             Requested size: 504.38313pt x 269.50621pt.

Overfull \hbox (91.81816pt too wide) in paragraph at lines 88--89
 [][] 
 []

[13] [14 <./figures/Bayes_graf2.png> <./figures/Bayes_graf9.png>]
<figures/Bayes_graf3.png, id=479, 339.51843pt x 220.57407pt>
File: figures/Bayes_graf3.png Graphic file (type png)
<use figures/Bayes_graf3.png>
Package pdftex.def Info: figures/Bayes_graf3.png  used on input line 111.
(pdftex.def)             Requested size: 339.5176pt x 220.57352pt.
 [15]
<figures/Bayes_graf4.png, id=485, 252.945pt x 167.12437pt>
File: figures/Bayes_graf4.png Graphic file (type png)
<use figures/Bayes_graf4.png>
Package pdftex.def Info: figures/Bayes_graf4.png  used on input line 136.
(pdftex.def)             Requested size: 252.94438pt x 167.12395pt.
<figures/Bayes_graf6.png, id=486, 344.78813pt x 280.79906pt>
File: figures/Bayes_graf6.png Graphic file (type png)
<use figures/Bayes_graf6.png>
Package pdftex.def Info: figures/Bayes_graf6.png  used on input line 152.
(pdftex.def)             Requested size: 344.78728pt x 280.79837pt.

Underfull \hbox (badness 10000) in paragraph at lines 142--157

 []


Underfull \hbox (badness 10000) in paragraph at lines 142--157

 []

[16 <./figures/Bayes_graf3.png>] [17 <./figures/Bayes_graf4.png>] [18 <./figure
s/Bayes_graf6.png>] [19]
Underfull \hbox (badness 1454) in paragraph at lines 187--188
\T1/ptm/m/n/12 Preba£ene su skripte iz co-laba u .py fi-le-ove na git, oba-va-l
jeno re-fak-to-ri-ra-nje
 []

) [20]
\openout2 = `stvaranje-grafa-content.aux'.

 (./stvaranje-grafa-content.tex
Poglavlje 6.

Package hyperref Warning: Composite letter `\textasciicaron+c'
(hyperref)                not defined in PD1 encoding,
(hyperref)                removing `\textasciicaron' on input line 7.


Underfull \hbox (badness 1622) in paragraph at lines 8--10
\T1/ptm/m/n/12 ide-jom na-²eg pro-jekta, pre-ve-like ma-te-ma-ti£ke kom-pli-ci-
ra-nosti ili kom-plek-nosti
 []


Underfull \hbox (badness 10000) in paragraph at lines 8--10

 []


Underfull \hbox (badness 10000) in paragraph at lines 8--10

 []


Underfull \hbox (badness 10000) in paragraph at lines 11--13

 []


Underfull \hbox (badness 10000) in paragraph at lines 11--13

 []


Underfull \hbox (badness 10000) in paragraph at lines 14--18

 []


Underfull \hbox (badness 10000) in paragraph at lines 14--18

 []


Underfull \hbox (badness 10000) in paragraph at lines 14--18

 []

[21


]
Underfull \hbox (badness 10000) in paragraph at lines 25--29

 []


Underfull \hbox (badness 10000) in paragraph at lines 25--29

 []


LaTeX Warning: Command \textellipsis invalid in math mode on input line 30.


Underfull \hbox (badness 10000) in paragraph at lines 30--34

 []


Underfull \hbox (badness 10000) in paragraph at lines 30--34

 []

[22]
Underfull \hbox (badness 1990) in paragraph at lines 36--43
\T1/ptm/m/n/12 Obe¢avaju¢a pred-nost ovog mo-dela je ²to rje-²ava neke pro-blem
e spo-me-nu-tih
 []


Underfull \hbox (badness 10000) in paragraph at lines 36--43

 []


Underfull \hbox (badness 10000) in paragraph at lines 36--43

 []


Underfull \hbox (badness 10000) in paragraph at lines 44--46

 []


Underfull \hbox (badness 10000) in paragraph at lines 44--46

 []

[23]
<figures/protein.jpg, id=548, 77.088pt x 57.816pt>
File: figures/protein.jpg Graphic file (type jpg)
<use figures/protein.jpg>
Package pdftex.def Info: figures/protein.jpg  used on input line 51.
(pdftex.def)             Requested size: 308.3512pt x 231.26337pt.
 [24 <./figures/protein.jpg>]
LaTeX Info: Symbol \textrightarrow not provided by
            font family ptm in TS1 encoding.
            Default family used instead on input line 66.
 [25]
<figures/bubbles.PNG, id=562, 341.77687pt x 197.98969pt>
File: figures/bubbles.PNG Graphic file (type png)
<use figures/bubbles.PNG>
Package pdftex.def Info: figures/bubbles.PNG  used on input line 70.
(pdftex.def)             Requested size: 341.77603pt x 197.9892pt.

Underfull \hbox (badness 10000) in paragraph at lines 76--79

 []

[26 <./figures/bubbles.PNG>]
<figures/lentil.PNG, id=573, 375.65344pt x 268.75406pt>
File: figures/lentil.PNG Graphic file (type png)
<use figures/lentil.PNG>
Package pdftex.def Info: figures/lentil.PNG  used on input line 82.
(pdftex.def)             Requested size: 375.65251pt x 268.7534pt.
 [27 <./figures/lentil.PNG>]
<figures/dot1.jpg, id=586, 361.35pt x 554.3109pt>
File: figures/dot1.jpg Graphic file (type jpg)
<use figures/dot1.jpg>
Package pdftex.def Info: figures/dot1.jpg  used on input line 96.
(pdftex.def)             Requested size: 180.67456pt x 277.15477pt.
<figures/circo1.jpg, id=589, 361.35pt x 323.7696pt>
File: figures/circo1.jpg Graphic file (type jpg)
<use figures/circo1.jpg>
Package pdftex.def Info: figures/circo1.jpg  used on input line 106.
(pdftex.def)             Requested size: 144.53743pt x 129.50554pt.
<figures/sfdp1.jpg, id=590, 168.63pt x 138.9993pt>
File: figures/sfdp1.jpg Graphic file (type jpg)
<use figures/sfdp1.jpg>
Package pdftex.def Info: figures/sfdp1.jpg  used on input line 113.
(pdftex.def)             Requested size: 219.21896pt x 180.69905pt.
<figures/dot2.png, id=591, 933.4875pt x 235.88126pt>
File: figures/dot2.png Graphic file (type png)
<use figures/dot2.png>
Package pdftex.def Info: figures/dot2.png  used on input line 120.
(pdftex.def)             Requested size: 326.72552pt x 82.55966pt.
<figures/sfdp2.jpg, id=592, 154.176pt x 94.1919pt>
File: figures/sfdp2.jpg Graphic file (type jpg)
<use figures/sfdp2.jpg>
Package pdftex.def Info: figures/sfdp2.jpg  used on input line 127.
(pdftex.def)             Requested size: 262.09804pt x 160.1255pt.
 [28 <./figures/dot1.jpg>]
Overfull \vbox (21.27953pt too high) has occurred while \output is active []


[29 <./figures/circo1.jpg> <./figures/sfdp1.jpg> <./figures/dot2.png (PNG copy)
> <./figures/sfdp2.jpg>]
<figures/dot3.jpg, id=607, 96.36pt x 185.7339pt>
File: figures/dot3.jpg Graphic file (type jpg)
<use figures/dot3.jpg>
Package pdftex.def Info: figures/dot3.jpg  used on input line 138.
(pdftex.def)             Requested size: 173.44781pt x 334.32076pt.

Poglavlje 7.
[30 <./figures/dot3.jpg>] [31]
<figures/clust1.png, id=619, 966.61125pt x 1097.09875pt>
File: figures/clust1.png Graphic file (type png)
<use figures/clust1.png>
Package pdftex.def Info: figures/clust1.png  used on input line 154.
(pdftex.def)             Requested size: 289.98561pt x 329.13217pt.

Underfull \hbox (badness 10000) in paragraph at lines 159--160

 []

<figures/clust2.png, id=622, 482.80376pt x 323.2075pt>
File: figures/clust2.png Graphic file (type png)
<use figures/clust2.png>
Package pdftex.def Info: figures/clust2.png  used on input line 163.
(pdftex.def)             Requested size: 193.11807pt x 129.2807pt.
[32 <./figures/clust1.png> <./figures/clust2.png>]
Underfull \hbox (badness 10000) in paragraph at lines 173--186

 []

[33]
<figures/medoids_bio.png, id=637, 451.6875pt x 288.07625pt>
File: figures/medoids_bio.png Graphic file (type png)
<use figures/medoids_bio.png>
Package pdftex.def Info: figures/medoids_bio.png  used on input line 189.
(pdftex.def)             Requested size: 225.84319pt x 144.03777pt.

Underfull \hbox (badness 10000) in paragraph at lines 199--220

 []


Underfull \hbox (badness 10000) in paragraph at lines 199--220

 []


Underfull \hbox (badness 10000) in paragraph at lines 199--220

 []


Underfull \hbox (badness 10000) in paragraph at lines 199--220

 []

[34 <./figures/medoids_bio.png>] [35]
Underfull \hbox (badness 10000) in paragraph at lines 223--232

 []


Underfull \hbox (badness 10000) in paragraph at lines 223--232

 []


Underfull \hbox (badness 1163) in paragraph at lines 223--232
\T1/ptm/m/n/12 Istraºen je i alat Am-pli-graph ([]; []). Po-vr-²na ana-liza de-
fi-ni-rala ga je kao
 []


Underfull \hbox (badness 10000) in paragraph at lines 223--232

 []

[36]) [37]
\openout2 = `ex_rec.aux'.

 (./ex_rec.tex
Poglavlje 8.

Underfull \hbox (badness 10000) in paragraph at lines 3--5

 []


Underfull \hbox (badness 10000) in paragraph at lines 3--5

 []


Underfull \hbox (badness 10000) in paragraph at lines 6--13

 []


Underfull \hbox (badness 10000) in paragraph at lines 6--13

 []


Underfull \hbox (badness 10000) in paragraph at lines 6--13

 []

[38


]
Underfull \hbox (badness 10000) in paragraph at lines 25--29

 []

[39]
Underfull \hbox (badness 10000) in paragraph at lines 36--37

 []

<figures/exrec1.png, id=703, 517.935pt x 520.19344pt>
File: figures/exrec1.png Graphic file (type png)
<use figures/exrec1.png>
Package pdftex.def Info: figures/exrec1.png  used on input line 44.
(pdftex.def)             Requested size: 414.34854pt x 416.1553pt.

Overfull \hbox (1.78357pt too wide) in paragraph at lines 44--45
 [][] 
 []

[40] [41 <./figures/exrec1.png>]
<figures/exrec2.png, id=716, 464.4853pt x 449.42906pt>
File: figures/exrec2.png Graphic file (type png)
<use figures/exrec2.png>
Package pdftex.def Info: figures/exrec2.png  used on input line 59.
(pdftex.def)             Requested size: 371.58875pt x 359.54372pt.


Package hyperref Warning: Composite letter `\textasciicaron+c'
(hyperref)                not defined in PD1 encoding,
(hyperref)                removing `\textasciicaron' on input line 66.

[42 <./figures/exrec2.png>]

Package hyperref Warning: Composite letter `\textasciicaron+c'
(hyperref)                not defined in PD1 encoding,
(hyperref)                removing `\textasciicaron' on input line 98.


Package hyperref Warning: Composite letter `\textasciicaron+c'
(hyperref)                not defined in PD1 encoding,
(hyperref)                removing `\textasciicaron' on input line 99.


Underfull \hbox (badness 10000) in paragraph at lines 100--111

 []


Underfull \hbox (badness 2310) in paragraph at lines 100--111
\T1/ptm/m/n/12 U ovom radu oko-lina se iz-gra-žuje si-mu-la-to-rom te-me-lje-ni
m na DKVMN-CA
 []


Underfull \hbox (badness 10000) in paragraph at lines 100--111

 []


Underfull \hbox (badness 2035) in paragraph at lines 100--111
\T1/ptm/m/n/12 vid-lji-vim sta-njima (POMDP). POMDP je ge-ne-ra-li-za-cija Mar-
kov-lje-vog pro-cesa
 []


Underfull \hbox (badness 10000) in paragraph at lines 100--111

 []


Underfull \hbox (badness 10000) in paragraph at lines 100--111

 []

[43]
Underfull \hbox (badness 10000) in paragraph at lines 112--114

 []

[44]
Underfull \hbox (badness 10000) in paragraph at lines 116--120

 []


Underfull \hbox (badness 3138) in paragraph at lines 116--120
\T1/ptm/m/n/12 Krajnji cilj je mak-si-mi-zi-rati na-gradu odre-žene stra-te-gij
e gdje su tra-jek-to-rije
 []


Underfull \hbox (badness 10000) in paragraph at lines 116--120

 []


Underfull \hbox (badness 10000) in paragraph at lines 122--126

 []


Underfull \hbox (badness 10000) in paragraph at lines 122--126

 []

[45]
<figures/exrec_bio1.png, id=745, 545.78906pt x 140.77594pt>
File: figures/exrec_bio1.png Graphic file (type png)
<use figures/exrec_bio1.png>
Package pdftex.def Info: figures/exrec_bio1.png  used on input line 152.
(pdftex.def)             Requested size: 436.63184pt x 112.62088pt.

Overfull \hbox (24.06686pt too wide) in paragraph at lines 152--153
 [][] 
 []

[46]
<figures/exrec_bio2.png, id=750, 462.528pt x 346.896pt>
File: figures/exrec_bio2.png Graphic file (type png)
<use figures/exrec_bio2.png>
Package pdftex.def Info: figures/exrec_bio2.png  used on input line 159.
(pdftex.def)             Requested size: 370.02289pt x 277.51717pt.
 [47 <./figures/exrec_bio1.png> <./figures/exrec_bio2.png>] [48]
Underfull \hbox (badness 4569) in paragraph at lines 184--203
\T1/ptm/m/n/12 Variranjem kt pa-ra-me-tara \T1/ptm/m/it/12 me-mory_key_state_di
m, me-mory_value_state_dim \T1/ptm/m/n/12 te
 []


Underfull \hbox (badness 1838) in paragraph at lines 184--203
\T1/ptm/m/n/12 Uz spo-me-nutu stra-te-giju, naj-vi²e obe-¢a-va-ju-¢om po-ka-zal
a se Ca-te-go-ri-cal MLP
 []


Underfull \hbox (badness 10000) in paragraph at lines 184--203

 []

[49] [50]
Underfull \hbox (badness 10000) in paragraph at lines 205--231

 []

[51] [52] [53]) [54]
\openout2 = `sakt.aux'.

 (./sakt.tex
Poglavlje 9.
<figures/sakt1.png, id=818, 363.60844pt x 303.38344pt>
File: figures/sakt1.png Graphic file (type png)
<use figures/sakt1.png>
Package pdftex.def Info: figures/sakt1.png  used on input line 5.
(pdftex.def)             Requested size: 290.88713pt x 242.70708pt.
<figures/sakt2.png, id=819, 399.74344pt x 356.83313pt>
File: figures/sakt2.png Graphic file (type png)
<use figures/sakt2.png>
Package pdftex.def Info: figures/sakt2.png  used on input line 13.
(pdftex.def)             Requested size: 319.79517pt x 285.46687pt.
<figures/sakt3.png, id=820, 373.395pt x 189.70876pt>
File: figures/sakt3.png Graphic file (type png)
<use figures/sakt3.png>
Package pdftex.def Info: figures/sakt3.png  used on input line 19.
(pdftex.def)             Requested size: 298.7164pt x 151.7672pt.
[55


 <./figures/sakt1.png>] [56 <./figures/sakt2.png> <./figures/sakt3.png>]
Underfull \hbox (badness 10000) in paragraph at lines 36--38
[]\T1/ptm/m/n/12 Gre²ka koju ni-smo us-pi-jeli is-pra-viti je "CUDA er-ror: CU-

 []


Underfull \hbox (badness 7273) in paragraph at lines 36--38
\T1/ptm/m/n/12 BLAS_STATUS_ALLOC_FAILED when cal-ling `cu-blas-Cre-ate(handle)"
,te do-
 []


Underfull \hbox (badness 2057) in paragraph at lines 36--38
\T1/ptm/m/n/12 lazi u retku" res = self.multi_attn(query=self.layernorm(problem
s), key=x, va-
 []

[57]) [58]
\openout2 = `literatura.aux'.

 (./literatura.tex
Poglavlje 10.
[59


]) [60]
Package atveryend Info: Empty hook `BeforeClearDocument' on input line 47.
Package atveryend Info: Empty hook `AfterLastShipout' on input line 47.
 (./projektna-dokumentacija.aux (./uvod.aux) (./BKT.aux)
(./Bayes_graph.aux) (./stvaranje-grafa-content.aux) (./ex_rec.aux) (./sakt.aux)
(./literatura.aux))
Package atveryend Info: Executing hook `AtVeryEndDocument' on input line 47.
Package atveryend Info: Executing hook `AtEndAfterFileList' on input line 47.
Package rerunfilecheck Info: File `projektna-dokumentacija.out' has not changed
.
(rerunfilecheck)             Checksum: 1ED866B3C19073BFDE37F8F9C284E2D3;4343.


LaTeX Warning: There were multiply-defined labels.

Package atveryend Info: Empty hook `AtVeryVeryEnd' on input line 47.
 ) 
Here is how much of TeX's memory you used:
 13206 strings out of 480893
 197937 string characters out of 5911972
 539498 words of memory out of 5000000
 28235 multiletter control sequences out of 15000+600000
 588917 words of font info for 94 fonts, out of 8000000 for 9000
 1141 hyphenation exceptions out of 8191
 56i,8n,81p,1438b,482s stack positions out of 5000i,500n,10000p,200000b,80000s
{c:/texlive/2020/texmf-dist/fonts/enc/dvips/cm-super/cm-super-ts1.enc}{c:/tex
live/2020/texmf-dist/fonts/enc/dvips/base/8r.enc}<c:/texlive/2020/texmf-dist/fo
nts/type1/public/amsfonts/cm/cmex10.pfb><c:/texlive/2020/texmf-dist/fonts/type1
/public/amsfonts/cm/cmmi12.pfb><c:/texlive/2020/texmf-dist/fonts/type1/public/a
msfonts/cm/cmmi8.pfb><c:/texlive/2020/texmf-dist/fonts/type1/public/amsfonts/cm
/cmr12.pfb><c:/texlive/2020/texmf-dist/fonts/type1/public/amsfonts/cm/cmr8.pfb>
<c:/texlive/2020/texmf-dist/fonts/type1/public/amsfonts/cm/cmsy10.pfb><c:/texli
ve/2020/texmf-dist/fonts/type1/public/amsfonts/cm/cmsy8.pfb><c:/texlive/2020/te
xmf-dist/fonts/type1/public/amsfonts/symbols/msbm10.pfb><c:/texlive/2020/texmf-
dist/fonts/type1/public/cm-super/sfrm1200.pfb><c:/texlive/2020/texmf-dist/fonts
/type1/urw/courier/ucrr8a.pfb><c:/texlive/2020/texmf-dist/fonts/type1/urw/helve
tic/uhvb8a.pfb><c:/texlive/2020/texmf-dist/fonts/type1/urw/helvetic/uhvr8a.pfb>
<c:/texlive/2020/texmf-dist/fonts/type1/urw/helvetic/uhvro8a.pfb><c:/texlive/20
20/texmf-dist/fonts/type1/urw/times/utmb8a.pfb><c:/texlive/2020/texmf-dist/font
s/type1/urw/times/utmr8a.pfb><c:/texlive/2020/texmf-dist/fonts/type1/urw/times/
utmri8a.pfb>
Output written on projektna-dokumentacija.pdf (64 pages, 1188289 bytes).
PDF statistics:
 1000 PDF objects out of 1000 (max. 8388607)
 875 compressed objects within 9 object streams
 200 named destinations out of 1000 (max. 500000)
 646 words of extra memory for PDF output out of 10000 (max. 10000000)

