\BOOKMARK [0][-]{chapter.1}{Stvaranje grafa}{}% 1
\BOOKMARK [1][-]{section.1.1}{Pocetna istra\236ivanja}{chapter.1}% 2
\BOOKMARK [2][-]{subsection.1.1.1}{Obrada prirodnog jezika}{section.1.1}% 3
\BOOKMARK [2][-]{subsection.1.1.2}{K12EduKG}{section.1.1}% 4
\BOOKMARK [2][-]{subsection.1.1.3}{Deep Generative Models}{section.1.1}% 5
\BOOKMARK [2][-]{subsection.1.1.4}{Graph RNN}{section.1.1}% 6
\BOOKMARK [1][-]{section.1.2}{Graph Recurrent Attention Networks}{chapter.1}% 7
\BOOKMARK [2][-]{subsection.1.2.1}{Opcenito o GRAN-ovima}{section.1.2}% 8
\BOOKMARK [2][-]{subsection.1.2.2}{Tijek rje\235avanja}{section.1.2}% 9
\BOOKMARK [2][-]{subsection.1.2.3}{Rezultati}{section.1.2}% 10
\BOOKMARK [1][-]{section.1.3}{Latent Skill Embedding \(Lentil\)}{chapter.1}% 11
\BOOKMARK [2][-]{subsection.1.3.1}{Opcenito o Lentil-u}{section.1.3}% 12
\BOOKMARK [2][-]{subsection.1.3.2}{Ideje}{section.1.3}% 13
\BOOKMARK [2][-]{subsection.1.3.3}{Problemi i zadaci}{section.1.3}% 14
\BOOKMARK [2][-]{subsection.1.3.4}{Rezultati}{section.1.3}% 15
\BOOKMARK [0][-]{chapter.2}{Clustering}{}% 16
\BOOKMARK [1][-]{section.2.1}{Latent Skill Embedding \(Lentil\)}{chapter.2}% 17
\BOOKMARK [1][-]{section.2.2}{K-Medoids}{chapter.2}% 18
\BOOKMARK [1][-]{section.2.3}{Ostatak istra\236ivanja}{chapter.2}% 19
\BOOKMARK [0][-]{chapter.3}{Literatura}{}% 20
